<?xml version="1.0" encoding="UTF-8"?>
<testsuite name="ch.uzh.ifi.hase.soprafs24.controller.UserControllerTest" tests="2" skipped="0" failures="0" errors="0" timestamp="2025-02-23T14:23:14" hostname="MBP-von-Calvin" time="0.093">
  <properties/>
  <testcase name="givenUsers_whenGetUsers_thenReturnJsonArray()" classname="ch.uzh.ifi.hase.soprafs24.controller.UserControllerTest" time="0.069"/>
  <testcase name="createUser_validInput_userCreated()" classname="ch.uzh.ifi.hase.soprafs24.controller.UserControllerTest" time="0.023"/>
  <system-out><![CDATA[2025-02-23 15:23:13.922  INFO 20201 --- [    Test worker] .b.t.a.w.s.WebMvcTestContextBootstrapper : Neither @ContextConfiguration nor @ContextHierarchy found for test class [ch.uzh.ifi.hase.soprafs24.controller.UserControllerTest], using SpringBootContextLoader
2025-02-23 15:23:13.922  INFO 20201 --- [    Test worker] o.s.t.c.support.AbstractContextLoader    : Could not detect default resource locations for test class [ch.uzh.ifi.hase.soprafs24.controller.UserControllerTest]: no resource found for suffixes {-context.xml, Context.groovy}.
2025-02-23 15:23:13.922  INFO 20201 --- [    Test worker] t.c.s.AnnotationConfigContextLoaderUtils : Could not detect default configuration classes for test class [ch.uzh.ifi.hase.soprafs24.controller.UserControllerTest]: UserControllerTest does not declare any static, non-private, non-final, nested classes annotated with @Configuration.
2025-02-23 15:23:13.927  INFO 20201 --- [    Test worker] .b.t.c.SpringBootTestContextBootstrapper : Found @SpringBootConfiguration ch.uzh.ifi.hase.soprafs24.Application for test class ch.uzh.ifi.hase.soprafs24.controller.UserControllerTest
2025-02-23 15:23:13.927  INFO 20201 --- [    Test worker] .b.t.a.w.s.WebMvcTestContextBootstrapper : Loaded default TestExecutionListener class names from location [META-INF/spring.factories]: [org.springframework.boot.test.autoconfigure.restdocs.RestDocsTestExecutionListener, org.springframework.boot.test.autoconfigure.web.client.MockRestServiceServerResetTestExecutionListener, org.springframework.boot.test.autoconfigure.web.servlet.MockMvcPrintOnlyOnFailureTestExecutionListener, org.springframework.boot.test.autoconfigure.web.servlet.WebDriverTestExecutionListener, org.springframework.boot.test.autoconfigure.webservices.client.MockWebServiceServerTestExecutionListener, org.springframework.boot.test.mock.mockito.MockitoTestExecutionListener, org.springframework.boot.test.mock.mockito.ResetMocksTestExecutionListener, org.springframework.test.context.web.ServletTestExecutionListener, org.springframework.test.context.support.DirtiesContextBeforeModesTestExecutionListener, org.springframework.test.context.event.ApplicationEventsTestExecutionListener, org.springframework.test.context.support.DependencyInjectionTestExecutionListener, org.springframework.test.context.support.DirtiesContextTestExecutionListener, org.springframework.test.context.transaction.TransactionalTestExecutionListener, org.springframework.test.context.jdbc.SqlScriptsTestExecutionListener, org.springframework.test.context.event.EventPublishingTestExecutionListener]
2025-02-23 15:23:13.928  INFO 20201 --- [    Test worker] .b.t.a.w.s.WebMvcTestContextBootstrapper : Using TestExecutionListeners: [org.springframework.test.context.web.ServletTestExecutionListener@10faca5b, org.springframework.test.context.support.DirtiesContextBeforeModesTestExecutionListener@6695efc9, org.springframework.test.context.event.ApplicationEventsTestExecutionListener@49e42064, org.springframework.boot.test.mock.mockito.MockitoTestExecutionListener@7820fa97, org.springframework.boot.test.autoconfigure.SpringBootDependencyInjectionTestExecutionListener@3e4e4fda, org.springframework.test.context.support.DirtiesContextTestExecutionListener@776c147d, org.springframework.test.context.transaction.TransactionalTestExecutionListener@1f63fdf4, org.springframework.test.context.jdbc.SqlScriptsTestExecutionListener@60e858cd, org.springframework.test.context.event.EventPublishingTestExecutionListener@2c14eb95, org.springframework.boot.test.autoconfigure.restdocs.RestDocsTestExecutionListener@3bccdd96, org.springframework.boot.test.autoconfigure.web.client.MockRestServiceServerResetTestExecutionListener@3bc00b46, org.springframework.boot.test.autoconfigure.web.servlet.MockMvcPrintOnlyOnFailureTestExecutionListener@194c02c3, org.springframework.boot.test.autoconfigure.web.servlet.WebDriverTestExecutionListener@128f0a3c, org.springframework.boot.test.autoconfigure.webservices.client.MockWebServiceServerTestExecutionListener@4ff25596, org.springframework.boot.test.mock.mockito.ResetMocksTestExecutionListener@74d3ed15]

  .   ____          _            __ _ _
 /\\ / ___'_ __ _ _(_)_ __  __ _ \ \ \ \
( ( )\___ | '_ | '_| | '_ \/ _` | \ \ \ \
 \\/  ___)| |_)| | | | | || (_| |  ) ) ) )
  '  |____| .__|_| |_|_| |_\__, | / / / /
 =========|_|==============|___/=/_/_/_/
 :: Spring Boot ::               (v2.7.17)

2025-02-23 15:23:13.935  INFO 20201 --- [    Test worker] c.u.i.h.s.controller.UserControllerTest  : Starting UserControllerTest using Java 17.0.14 on MBP-von-Calvin with PID 20201 (started by calvin in /Users/calvin/Projects/University/SoPra/sopra/server)
2025-02-23 15:23:13.936  INFO 20201 --- [    Test worker] c.u.i.h.s.controller.UserControllerTest  : No active profile set, falling back to 1 default profile: "default"
2025-02-23 15:23:14.067  INFO 20201 --- [    Test worker] o.s.b.t.m.w.SpringBootMockServletContext : Initializing Spring TestDispatcherServlet ''
2025-02-23 15:23:14.067  INFO 20201 --- [    Test worker] o.s.t.web.servlet.TestDispatcherServlet  : Initializing Servlet ''
2025-02-23 15:23:14.067  INFO 20201 --- [    Test worker] o.s.t.web.servlet.TestDispatcherServlet  : Completed initialization in 0 ms
2025-02-23 15:23:14.072  INFO 20201 --- [    Test worker] c.u.i.h.s.controller.UserControllerTest  : Started UserControllerTest in 0.143 seconds (JVM running for 2.966)
]]></system-out>
  <system-err><![CDATA[]]></system-err>
</testsuite>
