<?xml version="1.0" encoding="UTF-8"?>
<testsuite name="ch.uzh.ifi.hase.soprafs24.service.UserServiceIntegrationTest" tests="2" skipped="0" failures="0" errors="0" timestamp="2025-02-23T14:40:10" hostname="MBP-von-Calvin" time="0.033">
  <properties/>
  <testcase name="createUser_validInputs_success()" classname="ch.uzh.ifi.hase.soprafs24.service.UserServiceIntegrationTest" time="0.023"/>
  <testcase name="createUser_duplicateUsername_throwsException()" classname="ch.uzh.ifi.hase.soprafs24.service.UserServiceIntegrationTest" time="0.01"/>
  <system-out><![CDATA[2025-02-23 15:40:10.510  INFO 22054 --- [    Test worker] .b.t.c.SpringBootTestContextBootstrapper : Neither @ContextConfiguration nor @ContextHierarchy found for test class [ch.uzh.ifi.hase.soprafs24.service.UserServiceIntegrationTest], using SpringBootContextLoader
2025-02-23 15:40:10.510  INFO 22054 --- [    Test worker] o.s.t.c.support.AbstractContextLoader    : Could not detect default resource locations for test class [ch.uzh.ifi.hase.soprafs24.service.UserServiceIntegrationTest]: no resource found for suffixes {-context.xml, Context.groovy}.
2025-02-23 15:40:10.510  INFO 22054 --- [    Test worker] t.c.s.AnnotationConfigContextLoaderUtils : Could not detect default configuration classes for test class [ch.uzh.ifi.hase.soprafs24.service.UserServiceIntegrationTest]: UserServiceIntegrationTest does not declare any static, non-private, non-final, nested classes annotated with @Configuration.
2025-02-23 15:40:10.513  INFO 22054 --- [    Test worker] .b.t.c.SpringBootTestContextBootstrapper : Found @SpringBootConfiguration ch.uzh.ifi.hase.soprafs24.Application for test class ch.uzh.ifi.hase.soprafs24.service.UserServiceIntegrationTest
2025-02-23 15:40:10.514  INFO 22054 --- [    Test worker] .b.t.c.SpringBootTestContextBootstrapper : Loaded default TestExecutionListener class names from location [META-INF/spring.factories]: [org.springframework.boot.test.autoconfigure.restdocs.RestDocsTestExecutionListener, org.springframework.boot.test.autoconfigure.web.client.MockRestServiceServerResetTestExecutionListener, org.springframework.boot.test.autoconfigure.web.servlet.MockMvcPrintOnlyOnFailureTestExecutionListener, org.springframework.boot.test.autoconfigure.web.servlet.WebDriverTestExecutionListener, org.springframework.boot.test.autoconfigure.webservices.client.MockWebServiceServerTestExecutionListener, org.springframework.boot.test.mock.mockito.MockitoTestExecutionListener, org.springframework.boot.test.mock.mockito.ResetMocksTestExecutionListener, org.springframework.test.context.web.ServletTestExecutionListener, org.springframework.test.context.support.DirtiesContextBeforeModesTestExecutionListener, org.springframework.test.context.event.ApplicationEventsTestExecutionListener, org.springframework.test.context.support.DependencyInjectionTestExecutionListener, org.springframework.test.context.support.DirtiesContextTestExecutionListener, org.springframework.test.context.transaction.TransactionalTestExecutionListener, org.springframework.test.context.jdbc.SqlScriptsTestExecutionListener, org.springframework.test.context.event.EventPublishingTestExecutionListener]
2025-02-23 15:40:10.514  INFO 22054 --- [    Test worker] .b.t.c.SpringBootTestContextBootstrapper : Using TestExecutionListeners: [org.springframework.test.context.web.ServletTestExecutionListener@7d5fb813, org.springframework.test.context.support.DirtiesContextBeforeModesTestExecutionListener@385294de, org.springframework.test.context.event.ApplicationEventsTestExecutionListener@62a473aa, org.springframework.boot.test.mock.mockito.MockitoTestExecutionListener@15ff0f79, org.springframework.boot.test.autoconfigure.SpringBootDependencyInjectionTestExecutionListener@15e0b2f5, org.springframework.test.context.support.DirtiesContextTestExecutionListener@393830f3, org.springframework.test.context.transaction.TransactionalTestExecutionListener@78c03d5d, org.springframework.test.context.jdbc.SqlScriptsTestExecutionListener@15a971fb, org.springframework.test.context.event.EventPublishingTestExecutionListener@54e0ea1, org.springframework.boot.test.autoconfigure.restdocs.RestDocsTestExecutionListener@7d891953, org.springframework.boot.test.autoconfigure.web.client.MockRestServiceServerResetTestExecutionListener@4dae96a, org.springframework.boot.test.autoconfigure.web.servlet.MockMvcPrintOnlyOnFailureTestExecutionListener@5a2266a3, org.springframework.boot.test.autoconfigure.web.servlet.WebDriverTestExecutionListener@2f6c4040, org.springframework.boot.test.autoconfigure.webservices.client.MockWebServiceServerTestExecutionListener@1a1a977f, org.springframework.boot.test.mock.mockito.ResetMocksTestExecutionListener@4958acef]

  .   ____          _            __ _ _
 /\\ / ___'_ __ _ _(_)_ __  __ _ \ \ \ \
( ( )\___ | '_ | '_| | '_ \/ _` | \ \ \ \
 \\/  ___)| |_)| | | | | || (_| |  ) ) ) )
  '  |____| .__|_| |_|_| |_\__, | / / / /
 =========|_|==============|___/=/_/_/_/
 :: Spring Boot ::               (v2.7.17)

2025-02-23 15:40:10.523  INFO 22054 --- [    Test worker] c.u.i.h.s.s.UserServiceIntegrationTest   : Starting UserServiceIntegrationTest using Java 17.0.14 on MBP-von-Calvin with PID 22054 (started by calvin in /Users/calvin/Projects/University/SoPra/sopra/server)
2025-02-23 15:40:10.523  INFO 22054 --- [    Test worker] c.u.i.h.s.s.UserServiceIntegrationTest   : No active profile set, falling back to 1 default profile: "default"
2025-02-23 15:40:10.592  INFO 22054 --- [    Test worker] .s.d.r.c.RepositoryConfigurationDelegate : Bootstrapping Spring Data JPA repositories in DEFAULT mode.
2025-02-23 15:40:10.595  INFO 22054 --- [    Test worker] .s.d.r.c.RepositoryConfigurationDelegate : Finished Spring Data repository scanning in 2 ms. Found 1 JPA repository interfaces.
2025-02-23 15:40:10.659  INFO 22054 --- [    Test worker] o.hibernate.jpa.internal.util.LogHelper  : HHH000204: Processing PersistenceUnitInfo [name: default]
2025-02-23 15:40:10.661  INFO 22054 --- [    Test worker] com.zaxxer.hikari.HikariDataSource       : HikariPool-1 - Starting...
2025-02-23 15:40:10.668  INFO 22054 --- [    Test worker] com.zaxxer.hikari.HikariDataSource       : HikariPool-1 - Start completed.
2025-02-23 15:40:10.671  INFO 22054 --- [    Test worker] org.hibernate.dialect.Dialect            : HHH000400: Using dialect: org.hibernate.dialect.H2Dialect
2025-02-23 15:40:10.690  INFO 22054 --- [    Test worker] o.h.e.t.j.p.i.JtaPlatformInitiator       : HHH000490: Using JtaPlatform implementation: [org.hibernate.engine.transaction.jta.platform.internal.NoJtaPlatform]
2025-02-23 15:40:10.690  INFO 22054 --- [    Test worker] j.LocalContainerEntityManagerFactoryBean : Initialized JPA EntityManagerFactory for persistence unit 'default'
2025-02-23 15:40:10.781  WARN 22054 --- [    Test worker] JpaBaseConfiguration$JpaWebConfiguration : spring.jpa.open-in-view is enabled by default. Therefore, database queries may be performed during view rendering. Explicitly configure spring.jpa.open-in-view to disable this warning
2025-02-23 15:40:10.814  INFO 22054 --- [    Test worker] o.s.b.a.h2.H2ConsoleAutoConfiguration    : H2 console available at '/h2-console'. Database available at 'jdbc:h2:mem:testdb'
2025-02-23 15:40:10.871  INFO 22054 --- [    Test worker] c.u.i.h.s.s.UserServiceIntegrationTest   : Started UserServiceIntegrationTest in 0.356 seconds (JVM running for 2.992)
]]></system-out>
  <system-err><![CDATA[]]></system-err>
</testsuite>
