<?xml version="1.0" encoding="UTF-8"?>
<testsuite name="ch.uzh.ifi.hase.soprafs24.controller.UserControllerTest" tests="2" skipped="0" failures="0" errors="0" timestamp="2025-02-23T14:40:09" hostname="MBP-von-Calvin" time="0.097">
  <properties/>
  <testcase name="givenUsers_whenGetUsers_thenReturnJsonArray()" classname="ch.uzh.ifi.hase.soprafs24.controller.UserControllerTest" time="0.072"/>
  <testcase name="createUser_validInput_userCreated()" classname="ch.uzh.ifi.hase.soprafs24.controller.UserControllerTest" time="0.024"/>
  <system-out><![CDATA[15:40:08.336 [Test worker] DEBUG org.springframework.test.context.BootstrapUtils - Instantiating CacheAwareContextLoaderDelegate from class [org.springframework.test.context.cache.DefaultCacheAwareContextLoaderDelegate]
15:40:08.343 [Test worker] DEBUG org.springframework.test.context.BootstrapUtils - Instantiating BootstrapContext using constructor [public org.springframework.test.context.support.DefaultBootstrapContext(java.lang.Class,org.springframework.test.context.CacheAwareContextLoaderDelegate)]
15:40:08.369 [Test worker] DEBUG org.springframework.test.context.BootstrapUtils - Instantiating TestContextBootstrapper for test class [ch.uzh.ifi.hase.soprafs24.controller.UserControllerTest] from class [org.springframework.boot.test.autoconfigure.web.servlet.WebMvcTestContextBootstrapper]
15:40:08.375 [Test worker] INFO org.springframework.boot.test.autoconfigure.web.servlet.WebMvcTestContextBootstrapper - Neither @ContextConfiguration nor @ContextHierarchy found for test class [ch.uzh.ifi.hase.soprafs24.controller.UserControllerTest], using SpringBootContextLoader
15:40:08.378 [Test worker] DEBUG org.springframework.test.context.support.AbstractContextLoader - Did not detect default resource location for test class [ch.uzh.ifi.hase.soprafs24.controller.UserControllerTest]: class path resource [ch/uzh/ifi/hase/soprafs24/controller/UserControllerTest-context.xml] does not exist
15:40:08.378 [Test worker] DEBUG org.springframework.test.context.support.AbstractContextLoader - Did not detect default resource location for test class [ch.uzh.ifi.hase.soprafs24.controller.UserControllerTest]: class path resource [ch/uzh/ifi/hase/soprafs24/controller/UserControllerTestContext.groovy] does not exist
15:40:08.378 [Test worker] INFO org.springframework.test.context.support.AbstractContextLoader - Could not detect default resource locations for test class [ch.uzh.ifi.hase.soprafs24.controller.UserControllerTest]: no resource found for suffixes {-context.xml, Context.groovy}.
15:40:08.379 [Test worker] INFO org.springframework.test.context.support.AnnotationConfigContextLoaderUtils - Could not detect default configuration classes for test class [ch.uzh.ifi.hase.soprafs24.controller.UserControllerTest]: UserControllerTest does not declare any static, non-private, non-final, nested classes annotated with @Configuration.
15:40:08.416 [Test worker] DEBUG org.springframework.test.context.support.ActiveProfilesUtils - Could not find an 'annotation declaring class' for annotation type [org.springframework.test.context.ActiveProfiles] and class [ch.uzh.ifi.hase.soprafs24.controller.UserControllerTest]
15:40:08.461 [Test worker] DEBUG org.springframework.context.annotation.ClassPathScanningCandidateComponentProvider - Identified candidate component class: file [/Users/calvin/Projects/University/SoPra/sopra/server/build/classes/java/main/ch/uzh/ifi/hase/soprafs24/Application.class]
15:40:08.462 [Test worker] INFO org.springframework.boot.test.context.SpringBootTestContextBootstrapper - Found @SpringBootConfiguration ch.uzh.ifi.hase.soprafs24.Application for test class ch.uzh.ifi.hase.soprafs24.controller.UserControllerTest
15:40:08.464 [Test worker] DEBUG org.springframework.boot.test.autoconfigure.web.servlet.WebMvcTestContextBootstrapper - @TestExecutionListeners is not present for class [ch.uzh.ifi.hase.soprafs24.controller.UserControllerTest]: using defaults.
15:40:08.464 [Test worker] INFO org.springframework.boot.test.autoconfigure.web.servlet.WebMvcTestContextBootstrapper - Loaded default TestExecutionListener class names from location [META-INF/spring.factories]: [org.springframework.boot.test.autoconfigure.restdocs.RestDocsTestExecutionListener, org.springframework.boot.test.autoconfigure.web.client.MockRestServiceServerResetTestExecutionListener, org.springframework.boot.test.autoconfigure.web.servlet.MockMvcPrintOnlyOnFailureTestExecutionListener, org.springframework.boot.test.autoconfigure.web.servlet.WebDriverTestExecutionListener, org.springframework.boot.test.autoconfigure.webservices.client.MockWebServiceServerTestExecutionListener, org.springframework.boot.test.mock.mockito.MockitoTestExecutionListener, org.springframework.boot.test.mock.mockito.ResetMocksTestExecutionListener, org.springframework.test.context.web.ServletTestExecutionListener, org.springframework.test.context.support.DirtiesContextBeforeModesTestExecutionListener, org.springframework.test.context.event.ApplicationEventsTestExecutionListener, org.springframework.test.context.support.DependencyInjectionTestExecutionListener, org.springframework.test.context.support.DirtiesContextTestExecutionListener, org.springframework.test.context.transaction.TransactionalTestExecutionListener, org.springframework.test.context.jdbc.SqlScriptsTestExecutionListener, org.springframework.test.context.event.EventPublishingTestExecutionListener]
15:40:08.474 [Test worker] INFO org.springframework.boot.test.autoconfigure.web.servlet.WebMvcTestContextBootstrapper - Using TestExecutionListeners: [org.springframework.test.context.web.ServletTestExecutionListener@5434e40c, org.springframework.test.context.support.DirtiesContextBeforeModesTestExecutionListener@3b48e183, org.springframework.test.context.event.ApplicationEventsTestExecutionListener@514de325, org.springframework.boot.test.mock.mockito.MockitoTestExecutionListener@30c1da48, org.springframework.boot.test.autoconfigure.SpringBootDependencyInjectionTestExecutionListener@43a65cd8, org.springframework.test.context.support.DirtiesContextTestExecutionListener@3f1ef9d6, org.springframework.test.context.transaction.TransactionalTestExecutionListener@17461db, org.springframework.test.context.jdbc.SqlScriptsTestExecutionListener@3fd9e827, org.springframework.test.context.event.EventPublishingTestExecutionListener@4e682398, org.springframework.boot.test.autoconfigure.restdocs.RestDocsTestExecutionListener@670b3ca, org.springframework.boot.test.autoconfigure.web.client.MockRestServiceServerResetTestExecutionListener@24a86066, org.springframework.boot.test.autoconfigure.web.servlet.MockMvcPrintOnlyOnFailureTestExecutionListener@54402c04, org.springframework.boot.test.autoconfigure.web.servlet.WebDriverTestExecutionListener@5b3bb1f7, org.springframework.boot.test.autoconfigure.webservices.client.MockWebServiceServerTestExecutionListener@58d6b7b9, org.springframework.boot.test.mock.mockito.ResetMocksTestExecutionListener@3f1a4795]
15:40:08.476 [Test worker] DEBUG org.springframework.test.context.support.AbstractDirtiesContextTestExecutionListener - Before test class: context [DefaultTestContext@655a01d8 testClass = UserControllerTest, testInstance = [null], testMethod = [null], testException = [null], mergedContextConfiguration = [WebMergedContextConfiguration@c29fe36 testClass = UserControllerTest, locations = '{}', classes = '{class ch.uzh.ifi.hase.soprafs24.Application}', contextInitializerClasses = '[]', activeProfiles = '{}', propertySourceLocations = '{}', propertySourceProperties = '{org.springframework.boot.test.autoconfigure.web.servlet.WebMvcTestContextBootstrapper=true}', contextCustomizers = set[org.springframework.boot.test.autoconfigure.OverrideAutoConfigurationContextCustomizerFactory$DisableAutoConfigurationContextCustomizer@7afbf561, org.springframework.boot.test.autoconfigure.actuate.metrics.MetricsExportContextCustomizerFactory$DisableMetricExportContextCustomizer@221dad51, org.springframework.boot.test.autoconfigure.filter.TypeExcludeFiltersContextCustomizer@a263db20, org.springframework.boot.test.autoconfigure.properties.PropertyMappingContextCustomizer@4a2f348b, org.springframework.boot.test.autoconfigure.web.servlet.WebDriverContextCustomizerFactory$Customizer@3e48d38, [ImportsContextCustomizer@6614bd4b key = [org.springframework.boot.autoconfigure.task.TaskExecutionAutoConfiguration, org.springframework.boot.autoconfigure.cache.CacheAutoConfiguration, org.springframework.boot.autoconfigure.web.servlet.HttpEncodingAutoConfiguration, org.springframework.boot.autoconfigure.validation.ValidationAutoConfiguration, org.springframework.boot.autoconfigure.context.MessageSourceAutoConfiguration, org.springframework.boot.autoconfigure.hateoas.HypermediaAutoConfiguration, org.springframework.boot.autoconfigure.data.web.SpringDataWebAutoConfiguration, org.springframework.boot.autoconfigure.jackson.JacksonAutoConfiguration, org.springframework.boot.test.autoconfigure.web.reactive.WebTestClientAutoConfiguration, org.springframework.boot.autoconfigure.web.servlet.error.ErrorMvcAutoConfiguration, org.springframework.boot.test.autoconfigure.web.servlet.MockMvcAutoConfiguration, org.springframework.boot.autoconfigure.security.servlet.SecurityAutoConfiguration, org.springframework.boot.autoconfigure.security.servlet.SecurityFilterAutoConfiguration, org.springframework.boot.autoconfigure.http.HttpMessageConvertersAutoConfiguration, org.springframework.boot.autoconfigure.security.oauth2.client.servlet.OAuth2ClientAutoConfiguration, org.springframework.boot.test.autoconfigure.web.servlet.MockMvcSecurityConfiguration, org.springframework.boot.test.autoconfigure.web.servlet.MockMvcWebClientAutoConfiguration, org.springframework.boot.test.autoconfigure.web.servlet.MockMvcWebDriverAutoConfiguration, org.springframework.boot.autoconfigure.thymeleaf.ThymeleafAutoConfiguration, org.springframework.boot.autoconfigure.gson.GsonAutoConfiguration, org.springframework.boot.autoconfigure.jsonb.JsonbAutoConfiguration, org.springframework.boot.autoconfigure.freemarker.FreeMarkerAutoConfiguration, org.springframework.boot.autoconfigure.web.servlet.WebMvcAutoConfiguration, org.springframework.boot.autoconfigure.security.servlet.UserDetailsServiceAutoConfiguration, org.springframework.boot.autoconfigure.security.oauth2.resource.servlet.OAuth2ResourceServerAutoConfiguration, org.springframework.boot.autoconfigure.groovy.template.GroovyTemplateAutoConfiguration, org.springframework.boot.autoconfigure.mustache.MustacheAutoConfiguration]], org.springframework.boot.test.context.filter.ExcludeFilterContextCustomizer@ad3324b, org.springframework.boot.test.json.DuplicateJsonObjectContextCustomizerFactory$DuplicateJsonObjectContextCustomizer@144ab54, org.springframework.boot.test.mock.mockito.MockitoContextCustomizer@7dae3bcb, org.springframework.boot.test.context.SpringBootTestArgs@1, org.springframework.boot.test.context.SpringBootTestWebEnvironment@0], resourceBasePath = 'src/main/webapp', contextLoader = 'org.springframework.boot.test.context.SpringBootContextLoader', parent = [null]], attributes = map[[empty]]], class annotated with @DirtiesContext [false] with mode [null].

  .   ____          _            __ _ _
 /\\ / ___'_ __ _ _(_)_ __  __ _ \ \ \ \
( ( )\___ | '_ | '_| | '_ \/ _` | \ \ \ \
 \\/  ___)| |_)| | | | | || (_| |  ) ) ) )
  '  |____| .__|_| |_|_| |_\__, | / / / /
 =========|_|==============|___/=/_/_/_/
 :: Spring Boot ::               (v2.7.17)

2025-02-23 15:40:08.680  INFO 22054 --- [    Test worker] c.u.i.h.s.controller.UserControllerTest  : Starting UserControllerTest using Java 17.0.14 on MBP-von-Calvin with PID 22054 (started by calvin in /Users/calvin/Projects/University/SoPra/sopra/server)
2025-02-23 15:40:08.680  INFO 22054 --- [    Test worker] c.u.i.h.s.controller.UserControllerTest  : No active profile set, falling back to 1 default profile: "default"
2025-02-23 15:40:09.440  INFO 22054 --- [    Test worker] o.s.b.t.m.w.SpringBootMockServletContext : Initializing Spring TestDispatcherServlet ''
2025-02-23 15:40:09.440  INFO 22054 --- [    Test worker] o.s.t.web.servlet.TestDispatcherServlet  : Initializing Servlet ''
2025-02-23 15:40:09.441  INFO 22054 --- [    Test worker] o.s.t.web.servlet.TestDispatcherServlet  : Completed initialization in 1 ms
2025-02-23 15:40:09.456  INFO 22054 --- [    Test worker] c.u.i.h.s.controller.UserControllerTest  : Started UserControllerTest in 0.955 seconds (JVM running for 1.577)
]]></system-out>
  <system-err><![CDATA[]]></system-err>
</testsuite>
