<?xml version="1.0" encoding="UTF-8"?>
<testsuite name="ch.uzh.ifi.hase.soprafs24.repository.UserRepositoryIntegrationTest" tests="1" skipped="0" failures="0" errors="0" timestamp="2025-02-23T14:40:10" hostname="MBP-von-Calvin" time="0.09">
  <properties/>
  <testcase name="findByName_success()" classname="ch.uzh.ifi.hase.soprafs24.repository.UserRepositoryIntegrationTest" time="0.09"/>
  <system-out><![CDATA[2025-02-23 15:40:09.562  INFO 22054 --- [    Test worker] b.t.a.o.j.DataJpaTestContextBootstrapper : Neither @ContextConfiguration nor @ContextHierarchy found for test class [ch.uzh.ifi.hase.soprafs24.repository.UserRepositoryIntegrationTest], using SpringBootContextLoader
2025-02-23 15:40:09.562  INFO 22054 --- [    Test worker] o.s.t.c.support.AbstractContextLoader    : Could not detect default resource locations for test class [ch.uzh.ifi.hase.soprafs24.repository.UserRepositoryIntegrationTest]: no resource found for suffixes {-context.xml, Context.groovy}.
2025-02-23 15:40:09.562  INFO 22054 --- [    Test worker] t.c.s.AnnotationConfigContextLoaderUtils : Could not detect default configuration classes for test class [ch.uzh.ifi.hase.soprafs24.repository.UserRepositoryIntegrationTest]: UserRepositoryIntegrationTest does not declare any static, non-private, non-final, nested classes annotated with @Configuration.
2025-02-23 15:40:09.568  INFO 22054 --- [    Test worker] .b.t.c.SpringBootTestContextBootstrapper : Found @SpringBootConfiguration ch.uzh.ifi.hase.soprafs24.Application for test class ch.uzh.ifi.hase.soprafs24.repository.UserRepositoryIntegrationTest
2025-02-23 15:40:09.569  INFO 22054 --- [    Test worker] b.t.a.o.j.DataJpaTestContextBootstrapper : Loaded default TestExecutionListener class names from location [META-INF/spring.factories]: [org.springframework.boot.test.autoconfigure.restdocs.RestDocsTestExecutionListener, org.springframework.boot.test.autoconfigure.web.client.MockRestServiceServerResetTestExecutionListener, org.springframework.boot.test.autoconfigure.web.servlet.MockMvcPrintOnlyOnFailureTestExecutionListener, org.springframework.boot.test.autoconfigure.web.servlet.WebDriverTestExecutionListener, org.springframework.boot.test.autoconfigure.webservices.client.MockWebServiceServerTestExecutionListener, org.springframework.boot.test.mock.mockito.MockitoTestExecutionListener, org.springframework.boot.test.mock.mockito.ResetMocksTestExecutionListener, org.springframework.test.context.web.ServletTestExecutionListener, org.springframework.test.context.support.DirtiesContextBeforeModesTestExecutionListener, org.springframework.test.context.event.ApplicationEventsTestExecutionListener, org.springframework.test.context.support.DependencyInjectionTestExecutionListener, org.springframework.test.context.support.DirtiesContextTestExecutionListener, org.springframework.test.context.transaction.TransactionalTestExecutionListener, org.springframework.test.context.jdbc.SqlScriptsTestExecutionListener, org.springframework.test.context.event.EventPublishingTestExecutionListener]
2025-02-23 15:40:09.569  INFO 22054 --- [    Test worker] b.t.a.o.j.DataJpaTestContextBootstrapper : Using TestExecutionListeners: [org.springframework.test.context.web.ServletTestExecutionListener@1a927db2, org.springframework.test.context.support.DirtiesContextBeforeModesTestExecutionListener@4bb747c1, org.springframework.test.context.event.ApplicationEventsTestExecutionListener@18b12df9, org.springframework.boot.test.mock.mockito.MockitoTestExecutionListener@3ef8de39, org.springframework.boot.test.autoconfigure.SpringBootDependencyInjectionTestExecutionListener@370e5bb9, org.springframework.test.context.support.DirtiesContextTestExecutionListener@46769bd6, org.springframework.test.context.transaction.TransactionalTestExecutionListener@5739b804, org.springframework.test.context.jdbc.SqlScriptsTestExecutionListener@2f48adcc, org.springframework.test.context.event.EventPublishingTestExecutionListener@6adee80f, org.springframework.boot.test.autoconfigure.restdocs.RestDocsTestExecutionListener@180466a9, org.springframework.boot.test.autoconfigure.web.client.MockRestServiceServerResetTestExecutionListener@2670435, org.springframework.boot.test.autoconfigure.web.servlet.MockMvcPrintOnlyOnFailureTestExecutionListener@682bff78, org.springframework.boot.test.autoconfigure.web.servlet.WebDriverTestExecutionListener@7528ece2, org.springframework.boot.test.autoconfigure.webservices.client.MockWebServiceServerTestExecutionListener@4e22fdc0, org.springframework.boot.test.mock.mockito.ResetMocksTestExecutionListener@74de1e9d]

  .   ____          _            __ _ _
 /\\ / ___'_ __ _ _(_)_ __  __ _ \ \ \ \
( ( )\___ | '_ | '_| | '_ \/ _` | \ \ \ \
 \\/  ___)| |_)| | | | | || (_| |  ) ) ) )
  '  |____| .__|_| |_|_| |_\__, | / / / /
 =========|_|==============|___/=/_/_/_/
 :: Spring Boot ::               (v2.7.17)

2025-02-23 15:40:09.580  INFO 22054 --- [    Test worker] .u.i.h.s.r.UserRepositoryIntegrationTest : Starting UserRepositoryIntegrationTest using Java 17.0.14 on MBP-von-Calvin with PID 22054 (started by calvin in /Users/calvin/Projects/University/SoPra/sopra/server)
2025-02-23 15:40:09.580  INFO 22054 --- [    Test worker] .u.i.h.s.r.UserRepositoryIntegrationTest : No active profile set, falling back to 1 default profile: "default"
2025-02-23 15:40:09.640  INFO 22054 --- [    Test worker] .s.d.r.c.RepositoryConfigurationDelegate : Bootstrapping Spring Data JPA repositories in DEFAULT mode.
2025-02-23 15:40:09.659  INFO 22054 --- [    Test worker] .s.d.r.c.RepositoryConfigurationDelegate : Finished Spring Data repository scanning in 16 ms. Found 1 JPA repository interfaces.
2025-02-23 15:40:09.676  INFO 22054 --- [    Test worker] beddedDataSourceBeanFactoryPostProcessor : Replacing 'dataSource' DataSource bean with embedded version
2025-02-23 15:40:09.702  INFO 22054 --- [    Test worker] o.s.j.d.e.EmbeddedDatabaseFactory        : Starting embedded database: url='jdbc:h2:mem:dea60571-3657-4104-a1ed-f0d65d0e08d9;DB_CLOSE_DELAY=-1;DB_CLOSE_ON_EXIT=false', username='sa'
2025-02-23 15:40:09.903  INFO 22054 --- [    Test worker] o.hibernate.jpa.internal.util.LogHelper  : HHH000204: Processing PersistenceUnitInfo [name: default]
2025-02-23 15:40:09.929  INFO 22054 --- [    Test worker] org.hibernate.Version                    : HHH000412: Hibernate ORM core version 5.6.15.Final
2025-02-23 15:40:09.950  INFO 22054 --- [    Test worker] o.hibernate.annotations.common.Version   : HCANN000001: Hibernate Commons Annotations {5.1.2.Final}
2025-02-23 15:40:10.005  INFO 22054 --- [    Test worker] org.hibernate.dialect.Dialect            : HHH000400: Using dialect: org.hibernate.dialect.H2Dialect
Hibernate: create table app_user (id bigint not null, name varchar(255) not null, status integer not null, token varchar(255) not null, username varchar(255) not null, primary key (id))
Hibernate: alter table app_user drop constraint if exists UK_oatukn3vunyglfeao4ibjcta1
Hibernate: alter table app_user add constraint UK_oatukn3vunyglfeao4ibjcta1 unique (token)
Hibernate: alter table app_user drop constraint if exists UK_3k4cplvh82srueuttfkwnylq0
Hibernate: alter table app_user add constraint UK_3k4cplvh82srueuttfkwnylq0 unique (username)
Hibernate: create sequence hibernate_sequence start with 1 increment by 1
2025-02-23 15:40:10.235  INFO 22054 --- [    Test worker] o.h.e.t.j.p.i.JtaPlatformInitiator       : HHH000490: Using JtaPlatform implementation: [org.hibernate.engine.transaction.jta.platform.internal.NoJtaPlatform]
2025-02-23 15:40:10.240  INFO 22054 --- [    Test worker] j.LocalContainerEntityManagerFactoryBean : Initialized JPA EntityManagerFactory for persistence unit 'default'
2025-02-23 15:40:10.414  INFO 22054 --- [    Test worker] .u.i.h.s.r.UserRepositoryIntegrationTest : Started UserRepositoryIntegrationTest in 0.844 seconds (JVM running for 2.535)
2025-02-23 15:40:10.420  INFO 22054 --- [    Test worker] o.s.t.c.transaction.TransactionContext   : Began transaction (1) for test context [DefaultTestContext@67adede9 testClass = UserRepositoryIntegrationTest, testInstance = ch.uzh.ifi.hase.soprafs24.repository.UserRepositoryIntegrationTest@34e67790, testMethod = findByName_success@UserRepositoryIntegrationTest, testException = [null], mergedContextConfiguration = [MergedContextConfiguration@4b3b3b21 testClass = UserRepositoryIntegrationTest, locations = '{}', classes = '{class ch.uzh.ifi.hase.soprafs24.Application}', contextInitializerClasses = '[]', activeProfiles = '{}', propertySourceLocations = '{}', propertySourceProperties = '{org.springframework.boot.test.autoconfigure.orm.jpa.DataJpaTestContextBootstrapper=true}', contextCustomizers = set[org.springframework.boot.test.autoconfigure.OverrideAutoConfigurationContextCustomizerFactory$DisableAutoConfigurationContextCustomizer@7afbf561, org.springframework.boot.test.autoconfigure.actuate.metrics.MetricsExportContextCustomizerFactory$DisableMetricExportContextCustomizer@221dad51, org.springframework.boot.test.autoconfigure.filter.TypeExcludeFiltersContextCustomizer@351584c0, org.springframework.boot.test.autoconfigure.properties.PropertyMappingContextCustomizer@20979e1c, org.springframework.boot.test.autoconfigure.web.servlet.WebDriverContextCustomizerFactory$Customizer@3e48d38, [ImportsContextCustomizer@2c6f2f88 key = [org.springframework.boot.autoconfigure.transaction.TransactionAutoConfiguration, org.springframework.boot.autoconfigure.data.jpa.JpaRepositoriesAutoConfiguration, org.springframework.boot.autoconfigure.jdbc.DataSourceAutoConfiguration, org.springframework.boot.test.autoconfigure.orm.jpa.TestEntityManagerAutoConfiguration, org.springframework.boot.autoconfigure.cache.CacheAutoConfiguration, org.springframework.boot.autoconfigure.orm.jpa.HibernateJpaAutoConfiguration, org.springframework.boot.autoconfigure.sql.init.SqlInitializationAutoConfiguration, org.springframework.boot.autoconfigure.jdbc.JdbcTemplateAutoConfiguration, org.springframework.boot.test.autoconfigure.jdbc.TestDatabaseAutoConfiguration, org.springframework.boot.autoconfigure.flyway.FlywayAutoConfiguration, org.springframework.boot.autoconfigure.jdbc.DataSourceTransactionManagerAutoConfiguration, org.springframework.boot.autoconfigure.liquibase.LiquibaseAutoConfiguration]], org.springframework.boot.test.context.filter.ExcludeFilterContextCustomizer@ad3324b, org.springframework.boot.test.json.DuplicateJsonObjectContextCustomizerFactory$DuplicateJsonObjectContextCustomizer@144ab54, org.springframework.boot.test.mock.mockito.MockitoContextCustomizer@0, org.springframework.boot.test.context.SpringBootTestArgs@1, org.springframework.boot.test.context.SpringBootTestWebEnvironment@0], contextLoader = 'org.springframework.boot.test.context.SpringBootContextLoader', parent = [null]], attributes = map['org.springframework.test.context.event.ApplicationEventsTestExecutionListener.recordApplicationEvents' -> false]]; transaction manager [org.springframework.orm.jpa.JpaTransactionManager@6114fc0f]; rollback [true]
Hibernate: call next value for hibernate_sequence
Hibernate: insert into app_user (name, status, token, username, id) values (?, ?, ?, ?, ?)
Hibernate: select user0_.id as id1_0_, user0_.name as name2_0_, user0_.status as status3_0_, user0_.token as token4_0_, user0_.username as username5_0_ from app_user user0_ where user0_.name=?
2025-02-23 15:40:10.506  INFO 22054 --- [    Test worker] o.s.t.c.transaction.TransactionContext   : Rolled back transaction for test: [DefaultTestContext@67adede9 testClass = UserRepositoryIntegrationTest, testInstance = ch.uzh.ifi.hase.soprafs24.repository.UserRepositoryIntegrationTest@34e67790, testMethod = findByName_success@UserRepositoryIntegrationTest, testException = [null], mergedContextConfiguration = [MergedContextConfiguration@4b3b3b21 testClass = UserRepositoryIntegrationTest, locations = '{}', classes = '{class ch.uzh.ifi.hase.soprafs24.Application}', contextInitializerClasses = '[]', activeProfiles = '{}', propertySourceLocations = '{}', propertySourceProperties = '{org.springframework.boot.test.autoconfigure.orm.jpa.DataJpaTestContextBootstrapper=true}', contextCustomizers = set[org.springframework.boot.test.autoconfigure.OverrideAutoConfigurationContextCustomizerFactory$DisableAutoConfigurationContextCustomizer@7afbf561, org.springframework.boot.test.autoconfigure.actuate.metrics.MetricsExportContextCustomizerFactory$DisableMetricExportContextCustomizer@221dad51, org.springframework.boot.test.autoconfigure.filter.TypeExcludeFiltersContextCustomizer@351584c0, org.springframework.boot.test.autoconfigure.properties.PropertyMappingContextCustomizer@20979e1c, org.springframework.boot.test.autoconfigure.web.servlet.WebDriverContextCustomizerFactory$Customizer@3e48d38, [ImportsContextCustomizer@2c6f2f88 key = [org.springframework.boot.autoconfigure.transaction.TransactionAutoConfiguration, org.springframework.boot.autoconfigure.data.jpa.JpaRepositoriesAutoConfiguration, org.springframework.boot.autoconfigure.jdbc.DataSourceAutoConfiguration, org.springframework.boot.test.autoconfigure.orm.jpa.TestEntityManagerAutoConfiguration, org.springframework.boot.autoconfigure.cache.CacheAutoConfiguration, org.springframework.boot.autoconfigure.orm.jpa.HibernateJpaAutoConfiguration, org.springframework.boot.autoconfigure.sql.init.SqlInitializationAutoConfiguration, org.springframework.boot.autoconfigure.jdbc.JdbcTemplateAutoConfiguration, org.springframework.boot.test.autoconfigure.jdbc.TestDatabaseAutoConfiguration, org.springframework.boot.autoconfigure.flyway.FlywayAutoConfiguration, org.springframework.boot.autoconfigure.jdbc.DataSourceTransactionManagerAutoConfiguration, org.springframework.boot.autoconfigure.liquibase.LiquibaseAutoConfiguration]], org.springframework.boot.test.context.filter.ExcludeFilterContextCustomizer@ad3324b, org.springframework.boot.test.json.DuplicateJsonObjectContextCustomizerFactory$DuplicateJsonObjectContextCustomizer@144ab54, org.springframework.boot.test.mock.mockito.MockitoContextCustomizer@0, org.springframework.boot.test.context.SpringBootTestArgs@1, org.springframework.boot.test.context.SpringBootTestWebEnvironment@0], contextLoader = 'org.springframework.boot.test.context.SpringBootContextLoader', parent = [null]], attributes = map['org.springframework.test.context.event.ApplicationEventsTestExecutionListener.recordApplicationEvents' -> false]]
]]></system-out>
  <system-err><![CDATA[]]></system-err>
</testsuite>
